2016-02-16 10:08:43,311 ERROR [main] - Statistics - Statistics file `/Users/aganesan/.scalaide/statistics` is corrupted. A new one is being created. Corrupted content was:

com.cedarsoftware.util.io.JsonIoException: error parsing JSON value
	at com.cedarsoftware.util.io.JsonReader.readObject(JsonReader.java:529)
	at com.cedarsoftware.util.io.JsonReader.jsonToJava(JsonReader.java:289)
	at com.cedarsoftware.util.io.JsonReader.jsonToJava(JsonReader.java:262)
	at org.scalaide.core.internal.statistics.Statistics.org$scalaide$core$internal$statistics$Statistics$$read(Statistics.scala:74)
	at org.scalaide.core.internal.statistics.Statistics$$anonfun$readStats$1.apply(Statistics.scala:52)
	at org.scalaide.core.internal.statistics.Statistics$$anonfun$readStats$1.apply(Statistics.scala:51)
	at org.scalaide.core.ScalaIdeDataStore$$anonfun$validate$2.apply(ScalaIdeDataStore.scala:59)
	at org.scalaide.util.eclipse.EclipseUtils$$anon$3.run(EclipseUtils.scala:216)
	at org.eclipse.core.runtime.SafeRunner.run(SafeRunner.java:42)
	at org.scalaide.util.eclipse.EclipseUtils$.withSafeRunner(EclipseUtils.scala:212)
	at org.scalaide.core.ScalaIdeDataStore$.validate(ScalaIdeDataStore.scala:58)
	at org.scalaide.core.internal.statistics.Statistics.readStats(Statistics.scala:51)
	at org.scalaide.core.internal.statistics.Statistics.<init>(Statistics.scala:30)
	at org.scalaide.core.internal.ScalaPlugin.stats$lzycompute(ScalaPlugin.scala:136)
	at org.scalaide.core.internal.ScalaPlugin.stats(ScalaPlugin.scala:136)
	at org.scalaide.core.internal.ScalaPlugin.statistics(ScalaPlugin.scala:139)
	at org.scalaide.core.internal.ScalaPlugin.start(ScalaPlugin.scala:110)
	at org.eclipse.osgi.internal.framework.BundleContextImpl$3.run(BundleContextImpl.java:771)
	at org.eclipse.osgi.internal.framework.BundleContextImpl$3.run(BundleContextImpl.java:1)
	at java.security.AccessController.doPrivileged(Native Method)
	at org.eclipse.osgi.internal.framework.BundleContextImpl.startActivator(BundleContextImpl.java:764)
	at org.eclipse.osgi.internal.framework.BundleContextImpl.start(BundleContextImpl.java:721)
	at org.eclipse.osgi.internal.framework.EquinoxBundle.startWorker0(EquinoxBundle.java:936)
	at org.eclipse.osgi.internal.framework.EquinoxBundle$EquinoxModule.startWorker(EquinoxBundle.java:319)
	at org.eclipse.osgi.container.Module.doStart(Module.java:571)
	at org.eclipse.osgi.container.Module.start(Module.java:439)
	at org.eclipse.osgi.framework.util.SecureAction.start(SecureAction.java:454)
	at org.eclipse.osgi.internal.hooks.EclipseLazyStarter.postFindLocalClass(EclipseLazyStarter.java:107)
	at org.eclipse.osgi.internal.loader.classpath.ClasspathManager.findLocalClass(ClasspathManager.java:531)
	at org.eclipse.osgi.internal.loader.ModuleClassLoader.findLocalClass(ModuleClassLoader.java:324)
	at org.eclipse.osgi.internal.loader.BundleLoader.findLocalClass(BundleLoader.java:320)
	at org.eclipse.osgi.internal.loader.BundleLoader.findClassInternal(BundleLoader.java:395)
	at org.eclipse.osgi.internal.loader.BundleLoader.findClass(BundleLoader.java:345)
	at org.eclipse.osgi.internal.loader.BundleLoader.findClass(BundleLoader.java:337)
	at org.eclipse.osgi.internal.loader.ModuleClassLoader.loadClass(ModuleClassLoader.java:160)
	at java.lang.ClassLoader.loadClass(ClassLoader.java:357)
	at org.eclipse.osgi.internal.framework.EquinoxBundle.loadClass(EquinoxBundle.java:568)
	at org.eclipse.core.internal.registry.osgi.RegistryStrategyOSGI.createExecutableExtension(RegistryStrategyOSGI.java:174)
	at org.eclipse.core.internal.registry.ExtensionRegistry.createExecutableExtension(ExtensionRegistry.java:905)
	at org.eclipse.core.internal.registry.ConfigurationElement.createExecutableExtension(ConfigurationElement.java:243)
	at org.eclipse.core.internal.registry.ConfigurationElementHandle.createExecutableExtension(ConfigurationElementHandle.java:55)
	at org.eclipse.ui.internal.registry.PerspectiveDescriptor.createFactory(PerspectiveDescriptor.java:74)
	at org.eclipse.ui.internal.WorkbenchPage.setPerspective(WorkbenchPage.java:4032)
	at org.eclipse.ui.internal.WorkbenchWindow.setup(WorkbenchWindow.java:733)
	at sun.reflect.NativeMethodAccessorImpl.invoke0(Native Method)
	at sun.reflect.NativeMethodAccessorImpl.invoke(NativeMethodAccessorImpl.java:62)
	at sun.reflect.DelegatingMethodAccessorImpl.invoke(DelegatingMethodAccessorImpl.java:43)
	at java.lang.reflect.Method.invoke(Method.java:483)
	at org.eclipse.e4.core.internal.di.MethodRequestor.execute(MethodRequestor.java:55)
	at org.eclipse.e4.core.internal.di.InjectorImpl.processAnnotated(InjectorImpl.java:888)
	at org.eclipse.e4.core.internal.di.InjectorImpl.inject(InjectorImpl.java:120)
	at org.eclipse.e4.core.internal.di.InjectorImpl.inject(InjectorImpl.java:85)
	at org.eclipse.e4.core.contexts.ContextInjectionFactory.inject(ContextInjectionFactory.java:73)
	at org.eclipse.ui.internal.Workbench.createWorkbenchWindow(Workbench.java:1480)
	at org.eclipse.ui.internal.Workbench.getActiveWorkbenchWindow(Workbench.java:1453)
	at org.eclipse.ui.internal.services.WorkbenchSourceProvider.updateActiveShell(WorkbenchSourceProvider.java:943)
	at org.eclipse.ui.internal.services.WorkbenchSourceProvider.getCurrentState(WorkbenchSourceProvider.java:137)
	at org.eclipse.ui.internal.services.WorkbenchSourceProvider$6.handleEvent(WorkbenchSourceProvider.java:703)
	at org.eclipse.swt.widgets.EventTable.sendEvent(EventTable.java:84)
	at org.eclipse.swt.widgets.Display.filterEvent(Display.java:1098)
	at org.eclipse.swt.widgets.Display.sendEvent(Display.java:4195)
	at org.eclipse.swt.widgets.Widget.sendEvent(Widget.java:1467)
	at org.eclipse.swt.widgets.Widget.sendEvent(Widget.java:1490)
	at org.eclipse.swt.widgets.Widget.sendEvent(Widget.java:1471)
	at org.eclipse.swt.widgets.Shell.windowDidBecomeKey(Shell.java:2159)
	at org.eclipse.swt.widgets.Display.windowProc(Display.java:5686)
	at org.eclipse.swt.internal.cocoa.OS.objc_msgSendSuper(Native Method)
	at org.eclipse.swt.widgets.Widget.callSuper(Widget.java:214)
	at org.eclipse.swt.widgets.Widget.becomeKeyWindow(Widget.java:366)
	at org.eclipse.swt.widgets.Shell.becomeKeyWindow(Shell.java:525)
	at org.eclipse.swt.widgets.Display.windowProc(Display.java:5510)
	at org.eclipse.swt.internal.cocoa.OS.objc_msgSend(Native Method)
	at org.eclipse.swt.internal.cocoa.NSWindow.makeKeyAndOrderFront(NSWindow.java:202)
	at org.eclipse.swt.widgets.Shell.makeKeyAndOrderFront(Shell.java:1291)
	at org.eclipse.swt.widgets.Shell.setWindowVisible(Shell.java:1972)
	at org.eclipse.swt.widgets.Shell.open(Shell.java:1349)
	at org.eclipse.e4.ui.workbench.renderers.swt.WBWRenderer.postProcess(WBWRenderer.java:744)
	at org.eclipse.e4.ui.internal.workbench.swt.PartRenderingEngine.safeCreateGui(PartRenderingEngine.java:678)
	at org.eclipse.e4.ui.internal.workbench.swt.PartRenderingEngine.safeCreateGui(PartRenderingEngine.java:766)
	at org.eclipse.e4.ui.internal.workbench.swt.PartRenderingEngine.access$2(PartRenderingEngine.java:737)
	at org.eclipse.e4.ui.internal.workbench.swt.PartRenderingEngine$7.run(PartRenderingEngine.java:731)
	at org.eclipse.core.runtime.SafeRunner.run(SafeRunner.java:42)
	at org.eclipse.e4.ui.internal.workbench.swt.PartRenderingEngine.createGui(PartRenderingEngine.java:715)
	at org.eclipse.e4.ui.internal.workbench.swt.PartRenderingEngine$9.run(PartRenderingEngine.java:1074)
	at org.eclipse.core.databinding.observable.Realm.runWithDefault(Realm.java:332)
	at org.eclipse.e4.ui.internal.workbench.swt.PartRenderingEngine.run(PartRenderingEngine.java:1032)
	at org.eclipse.e4.ui.internal.workbench.E4Workbench.createAndRunUI(E4Workbench.java:148)
	at org.eclipse.ui.internal.Workbench$5.run(Workbench.java:636)
	at org.eclipse.core.databinding.observable.Realm.runWithDefault(Realm.java:332)
	at org.eclipse.ui.internal.Workbench.createAndRunWorkbench(Workbench.java:579)
	at org.eclipse.ui.PlatformUI.createAndRunWorkbench(PlatformUI.java:150)
	at org.eclipse.ui.internal.ide.application.IDEApplication.start(IDEApplication.java:135)
	at org.eclipse.equinox.internal.app.EclipseAppHandle.run(EclipseAppHandle.java:196)
	at org.eclipse.core.runtime.internal.adaptor.EclipseAppLauncher.runApplication(EclipseAppLauncher.java:134)
	at org.eclipse.core.runtime.internal.adaptor.EclipseAppLauncher.start(EclipseAppLauncher.java:104)
	at org.eclipse.core.runtime.adaptor.EclipseStarter.run(EclipseStarter.java:380)
	at org.eclipse.core.runtime.adaptor.EclipseStarter.run(EclipseStarter.java:235)
	at sun.reflect.NativeMethodAccessorImpl.invoke0(Native Method)
	at sun.reflect.NativeMethodAccessorImpl.invoke(NativeMethodAccessorImpl.java:62)
	at sun.reflect.DelegatingMethodAccessorImpl.invoke(DelegatingMethodAccessorImpl.java:43)
	at java.lang.reflect.Method.invoke(Method.java:483)
	at org.eclipse.equinox.launcher.Main.invokeFramework(Main.java:648)
	at org.eclipse.equinox.launcher.Main.basicRun(Main.java:603)
	at org.eclipse.equinox.launcher.Main.run(Main.java:1465)
Caused by: com.cedarsoftware.util.io.JsonIoException: EOF reached prematurely
	at com.cedarsoftware.util.io.JsonParser.error(JsonParser.java:584)
	at com.cedarsoftware.util.io.JsonParser.readValue(JsonParser.java:278)
	at com.cedarsoftware.util.io.JsonReader.readObject(JsonReader.java:521)
	... 103 more
2016-02-16 10:09:04,841  WARN [ModalContext] - ScalaProject - Project ProgInScala has platform default sourceLevel.
2016-02-16 10:09:04,842  WARN [ModalContext] - ScalaProject - Project ProgInScala runs on platform default installation.
2016-02-16 10:09:06,074  WARN [Worker-3] - ScalaProject - Project ProgInScala has platform default sourceLevel.
2016-02-16 10:09:06,075  WARN [Worker-3] - ScalaProject - Project ProgInScala runs on platform default installation.
2016-02-16 10:09:47,174  WARN [Worker-3] - ScalaProject - Project ProgInScala has platform default sourceLevel.
2016-02-16 10:09:47,174  WARN [Worker-3] - ScalaProject - Project ProgInScala runs on platform default installation.
2016-02-16 10:10:00,433  WARN [Worker-3] - ScalaProject - Project ProgInScala has platform default sourceLevel.
2016-02-16 10:10:00,433  WARN [Worker-3] - ScalaProject - Project ProgInScala runs on platform default installation.
2016-02-16 10:10:01,429  WARN [bundle-327-ActorSystem-akka.actor.default-dispatcher-2] - ScalaProject - Project ProgInScala has platform default sourceLevel.
2016-02-16 10:10:01,429  WARN [bundle-327-ActorSystem-akka.actor.default-dispatcher-2] - ScalaProject - Project ProgInScala runs on platform default installation.
2016-02-16 10:10:03,917  WARN [Worker-0] - ScalaProject - Project ProgInScala has platform default sourceLevel.
2016-02-16 10:10:03,917  WARN [Worker-0] - ScalaProject - Project ProgInScala runs on platform default installation.
2016-02-16 10:12:36,236  WARN [Worker-3] - ScalaProject - Project ProgInScala has platform default sourceLevel.
2016-02-16 10:12:36,236  WARN [Worker-3] - ScalaProject - Project ProgInScala runs on platform default installation.
2016-02-16 10:12:37,258  WARN [Worker-4] - ScalaProject - Project ProgInScala has platform default sourceLevel.
2016-02-16 10:12:37,258  WARN [Worker-4] - ScalaProject - Project ProgInScala runs on platform default installation.
2016-02-16 10:12:51,082  WARN [Worker-7] - ScalaProject - Project ProgInScala has platform default sourceLevel.
2016-02-16 10:12:51,082  WARN [Worker-7] - ScalaProject - Project ProgInScala runs on platform default installation.
2016-02-16 10:12:52,099  WARN [Worker-3] - ScalaProject - Project ProgInScala has platform default sourceLevel.
2016-02-16 10:12:52,099  WARN [Worker-3] - ScalaProject - Project ProgInScala runs on platform default installation.
2016-02-16 10:13:17,866  WARN [Worker-4] - ScalaProject - Project ProgInScala has platform default sourceLevel.
2016-02-16 10:13:17,866  WARN [Worker-4] - ScalaProject - Project ProgInScala runs on platform default installation.
2016-02-16 10:13:18,890  WARN [Worker-6] - ScalaProject - Project ProgInScala has platform default sourceLevel.
2016-02-16 10:13:18,891  WARN [Worker-6] - ScalaProject - Project ProgInScala runs on platform default installation.
2016-02-16 10:13:37,032  WARN [Worker-7] - ScalaProject - Project ProgInScala has platform default sourceLevel.
2016-02-16 10:13:37,032  WARN [Worker-7] - ScalaProject - Project ProgInScala runs on platform default installation.
2016-02-16 10:13:38,052  WARN [Worker-9] - ScalaProject - Project ProgInScala has platform default sourceLevel.
2016-02-16 10:13:38,052  WARN [Worker-9] - ScalaProject - Project ProgInScala runs on platform default installation.
2016-02-16 10:19:59,507 ERROR [Worker-0] - Statistics - Statistics file `/Users/aganesan/.scalaide/statistics` is corrupted. A new one is being created. Corrupted content was:

com.cedarsoftware.util.io.JsonIoException: error parsing JSON value
	at com.cedarsoftware.util.io.JsonReader.readObject(JsonReader.java:529)
	at com.cedarsoftware.util.io.JsonReader.jsonToJava(JsonReader.java:289)
	at com.cedarsoftware.util.io.JsonReader.jsonToJava(JsonReader.java:262)
	at org.scalaide.core.internal.statistics.Statistics.org$scalaide$core$internal$statistics$Statistics$$read(Statistics.scala:74)
	at org.scalaide.core.internal.statistics.Statistics$$anonfun$readStats$1.apply(Statistics.scala:52)
	at org.scalaide.core.internal.statistics.Statistics$$anonfun$readStats$1.apply(Statistics.scala:51)
	at org.scalaide.core.ScalaIdeDataStore$$anonfun$validate$2.apply(ScalaIdeDataStore.scala:59)
	at org.scalaide.util.eclipse.EclipseUtils$$anon$3.run(EclipseUtils.scala:216)
	at org.eclipse.core.runtime.SafeRunner.run(SafeRunner.java:42)
	at org.scalaide.util.eclipse.EclipseUtils$.withSafeRunner(EclipseUtils.scala:212)
	at org.scalaide.core.ScalaIdeDataStore$.validate(ScalaIdeDataStore.scala:58)
	at org.scalaide.core.internal.statistics.Statistics.readStats(Statistics.scala:51)
	at org.scalaide.core.internal.statistics.Statistics.<init>(Statistics.scala:30)
	at org.scalaide.core.internal.ScalaPlugin.stats$lzycompute(ScalaPlugin.scala:136)
	at org.scalaide.core.internal.ScalaPlugin.stats(ScalaPlugin.scala:136)
	at org.scalaide.core.internal.ScalaPlugin.statistics(ScalaPlugin.scala:139)
	at org.scalaide.core.internal.ScalaPlugin.start(ScalaPlugin.scala:110)
	at org.eclipse.osgi.internal.framework.BundleContextImpl$3.run(BundleContextImpl.java:771)
	at org.eclipse.osgi.internal.framework.BundleContextImpl$3.run(BundleContextImpl.java:1)
	at java.security.AccessController.doPrivileged(Native Method)
	at org.eclipse.osgi.internal.framework.BundleContextImpl.startActivator(BundleContextImpl.java:764)
	at org.eclipse.osgi.internal.framework.BundleContextImpl.start(BundleContextImpl.java:721)
	at org.eclipse.osgi.internal.framework.EquinoxBundle.startWorker0(EquinoxBundle.java:936)
	at org.eclipse.osgi.internal.framework.EquinoxBundle$EquinoxModule.startWorker(EquinoxBundle.java:319)
	at org.eclipse.osgi.container.Module.doStart(Module.java:571)
	at org.eclipse.osgi.container.Module.start(Module.java:439)
	at org.eclipse.osgi.framework.util.SecureAction.start(SecureAction.java:454)
	at org.eclipse.osgi.internal.hooks.EclipseLazyStarter.postFindLocalClass(EclipseLazyStarter.java:107)
	at org.eclipse.osgi.internal.loader.classpath.ClasspathManager.findLocalClass(ClasspathManager.java:531)
	at org.eclipse.osgi.internal.loader.ModuleClassLoader.findLocalClass(ModuleClassLoader.java:324)
	at org.eclipse.osgi.internal.loader.BundleLoader.findLocalClass(BundleLoader.java:320)
	at org.eclipse.osgi.internal.loader.BundleLoader.findClassInternal(BundleLoader.java:395)
	at org.eclipse.osgi.internal.loader.BundleLoader.findClass(BundleLoader.java:345)
	at org.eclipse.osgi.internal.loader.BundleLoader.findClass(BundleLoader.java:337)
	at org.eclipse.osgi.internal.loader.ModuleClassLoader.loadClass(ModuleClassLoader.java:160)
	at java.lang.ClassLoader.loadClass(ClassLoader.java:357)
	at org.eclipse.osgi.internal.framework.EquinoxBundle.loadClass(EquinoxBundle.java:568)
	at org.eclipse.core.internal.registry.osgi.RegistryStrategyOSGI.createExecutableExtension(RegistryStrategyOSGI.java:174)
	at org.eclipse.core.internal.registry.ExtensionRegistry.createExecutableExtension(ExtensionRegistry.java:905)
	at org.eclipse.core.internal.registry.ConfigurationElement.createExecutableExtension(ConfigurationElement.java:243)
	at org.eclipse.core.internal.registry.ConfigurationElementHandle.createExecutableExtension(ConfigurationElementHandle.java:55)
	at org.eclipse.core.internal.events.BuildManager.instantiateBuilder(BuildManager.java:907)
	at org.eclipse.core.internal.events.BuildManager.initializeBuilder(BuildManager.java:860)
	at org.eclipse.core.internal.events.BuildManager.getBuilder(BuildManager.java:545)
	at org.eclipse.core.internal.events.BuildManager.getBuilder(BuildManager.java:574)
	at org.eclipse.core.internal.events.BuildManager.basicBuild(BuildManager.java:244)
	at org.eclipse.core.internal.events.BuildManager$1.run(BuildManager.java:299)
	at org.eclipse.core.runtime.SafeRunner.run(SafeRunner.java:42)
	at org.eclipse.core.internal.events.BuildManager.basicBuild(BuildManager.java:302)
	at org.eclipse.core.internal.events.BuildManager.basicBuildLoop(BuildManager.java:358)
	at org.eclipse.core.internal.events.BuildManager.build(BuildManager.java:381)
	at org.eclipse.core.internal.events.AutoBuildJob.doBuild(AutoBuildJob.java:143)
	at org.eclipse.core.internal.events.AutoBuildJob.run(AutoBuildJob.java:241)
	at org.eclipse.core.internal.jobs.Worker.run(Worker.java:54)
Caused by: com.cedarsoftware.util.io.JsonIoException: EOF reached prematurely
	at com.cedarsoftware.util.io.JsonParser.error(JsonParser.java:584)
	at com.cedarsoftware.util.io.JsonParser.readValue(JsonParser.java:278)
	at com.cedarsoftware.util.io.JsonReader.readObject(JsonReader.java:521)
	... 53 more
2016-02-16 10:20:00,094  WARN [Worker-0] - ScalaProject - Project ProgInScala has platform default sourceLevel.
2016-02-16 10:20:00,095  WARN [Worker-0] - ScalaProject - Project ProgInScala runs on platform default installation.
2016-02-16 10:20:01,946  WARN [Worker-0] - ScalaProject - Project ProgInScala has platform default sourceLevel.
2016-02-16 10:20:01,947  WARN [Worker-0] - ScalaProject - Project ProgInScala runs on platform default installation.
2016-02-16 10:20:02,341  WARN [Worker-0] - ScalaProject - Project ProgInScala has platform default sourceLevel.
2016-02-16 10:20:02,366  WARN [Worker-0] - ScalaProject - Project ProgInScala runs on platform default installation.
2016-02-16 10:20:14,291  WARN [org.eclipse.jface.text.reconciler.MonoReconciler] - ScalaProject - Project ProgInScala has platform default sourceLevel.
2016-02-16 10:20:14,295  WARN [org.eclipse.jface.text.reconciler.MonoReconciler] - ScalaProject - Project ProgInScala runs on platform default installation.
2016-02-16 10:22:04,878  WARN [Worker-6] - ScalaProject - Project ProgInScala has platform default sourceLevel.
2016-02-16 10:22:04,879  WARN [Worker-6] - ScalaProject - Project ProgInScala runs on platform default installation.
2016-02-16 10:22:07,415  WARN [Worker-6] - ScalaProject - Project ProgInScala has platform default sourceLevel.
2016-02-16 10:22:07,416  WARN [Worker-6] - ScalaProject - Project ProgInScala runs on platform default installation.
2016-02-16 10:22:08,542  WARN [Worker-7] - ScalaProject - Project ProgInScala has platform default sourceLevel.
2016-02-16 10:22:08,542  WARN [Worker-7] - ScalaProject - Project ProgInScala runs on platform default installation.
2016-02-16 10:22:39,050  WARN [Worker-6] - ScalaProject - Project ProgInScala has platform default sourceLevel.
2016-02-16 10:22:39,050  WARN [Worker-6] - ScalaProject - Project ProgInScala runs on platform default installation.
2016-02-16 10:22:40,072  WARN [Worker-2] - ScalaProject - Project ProgInScala has platform default sourceLevel.
2016-02-16 10:22:40,073  WARN [Worker-2] - ScalaProject - Project ProgInScala runs on platform default installation.
2016-02-16 10:22:48,132  WARN [Worker-5] - ScalaProject - Project ProgInScala has platform default sourceLevel.
2016-02-16 10:22:48,132  WARN [Worker-5] - ScalaProject - Project ProgInScala runs on platform default installation.
2016-02-16 10:22:49,395  WARN [Worker-7] - ScalaProject - Project ProgInScala has platform default sourceLevel.
2016-02-16 10:22:49,395  WARN [Worker-7] - ScalaProject - Project ProgInScala runs on platform default installation.
2016-02-16 10:22:53,350  WARN [Worker-5] - ScalaProject - Project ProgInScala has platform default sourceLevel.
2016-02-16 10:22:53,350  WARN [Worker-5] - ScalaProject - Project ProgInScala runs on platform default installation.
2016-02-16 10:22:54,369  WARN [Worker-2] - ScalaProject - Project ProgInScala has platform default sourceLevel.
2016-02-16 10:22:54,370  WARN [Worker-2] - ScalaProject - Project ProgInScala runs on platform default installation.
2016-02-16 10:23:07,229  WARN [Worker-2] - ScalaProject - Project ProgInScala has platform default sourceLevel.
2016-02-16 10:23:07,229  WARN [Worker-2] - ScalaProject - Project ProgInScala runs on platform default installation.
2016-02-16 10:23:08,251  WARN [Worker-3] - ScalaProject - Project ProgInScala has platform default sourceLevel.
2016-02-16 10:23:08,251  WARN [Worker-3] - ScalaProject - Project ProgInScala runs on platform default installation.
2016-02-16 10:24:26,201  WARN [Worker-2] - ScalaProject - Project ProgInScala has platform default sourceLevel.
2016-02-16 10:24:26,202  WARN [Worker-2] - ScalaProject - Project ProgInScala runs on platform default installation.
2016-02-16 10:24:27,223  WARN [Worker-8] - ScalaProject - Project ProgInScala has platform default sourceLevel.
2016-02-16 10:24:27,223  WARN [Worker-8] - ScalaProject - Project ProgInScala runs on platform default installation.
2016-02-16 10:25:11,035  WARN [Worker-1] - ScalaProject - Project ProgInScala has platform default sourceLevel.
2016-02-16 10:25:11,035  WARN [Worker-1] - ScalaProject - Project ProgInScala runs on platform default installation.
2016-02-16 10:25:12,052  WARN [Worker-2] - ScalaProject - Project ProgInScala has platform default sourceLevel.
2016-02-16 10:25:12,052  WARN [Worker-2] - ScalaProject - Project ProgInScala runs on platform default installation.
2016-02-16 10:27:19,476  WARN [Worker-1] - ScalaProject - Project ProgInScala has platform default sourceLevel.
2016-02-16 10:27:19,476  WARN [Worker-1] - ScalaProject - Project ProgInScala runs on platform default installation.
2016-02-16 10:27:35,974  WARN [Worker-2] - ScalaProject - Project ProgInScala has platform default sourceLevel.
2016-02-16 10:27:35,974  WARN [Worker-2] - ScalaProject - Project ProgInScala runs on platform default installation.
2016-02-16 10:28:45,579  WARN [ModalContext] - ScalaProject - Project ProgrammingInScala has platform default sourceLevel.
2016-02-16 10:28:45,581  WARN [ModalContext] - ScalaProject - Project ProgrammingInScala runs on platform default installation.
2016-02-16 10:28:45,971  WARN [Worker-3] - ScalaProject - Project ProgrammingInScala has platform default sourceLevel.
2016-02-16 10:28:45,973  WARN [Worker-3] - ScalaProject - Project ProgrammingInScala runs on platform default installation.
2016-02-16 10:29:02,236  WARN [Worker-4] - ScalaProject - Project ProgrammingInScala has platform default sourceLevel.
2016-02-16 10:29:02,237  WARN [Worker-4] - ScalaProject - Project ProgrammingInScala runs on platform default installation.
2016-02-16 10:31:29,406  WARN [Worker-4] - ScalaProject - Project ProgrammingInScala has platform default sourceLevel.
2016-02-16 10:31:29,407  WARN [Worker-4] - ScalaProject - Project ProgrammingInScala runs on platform default installation.
2016-02-16 10:31:38,937  WARN [Worker-5] - ScalaProject - Project ProgrammingInScala has platform default sourceLevel.
2016-02-16 10:31:38,938  WARN [Worker-5] - ScalaProject - Project ProgrammingInScala runs on platform default installation.
2016-02-16 10:31:39,441  WARN [bundle-327-ActorSystem-akka.actor.default-dispatcher-3] - ScalaProject - Project ProgrammingInScala has platform default sourceLevel.
2016-02-16 10:31:39,441  WARN [bundle-327-ActorSystem-akka.actor.default-dispatcher-3] - ScalaProject - Project ProgrammingInScala runs on platform default installation.
2016-02-16 10:31:41,412 ERROR [Worker-0] - ProgramExecutor$ - Worksheet process has terminated unexpectedly (exit value 143
At the time of termination, the following text was available in the output streams:
Standard output:
  
Standard error:
  

2016-02-16 10:32:00,640  WARN [Worker-2] - ScalaProject - Project ProgrammingInScala has platform default sourceLevel.
2016-02-16 10:32:00,641  WARN [Worker-2] - ScalaProject - Project ProgrammingInScala runs on platform default installation.
2016-02-16 10:32:01,847  WARN [Worker-5] - ScalaProject - Project ProgrammingInScala has platform default sourceLevel.
2016-02-16 10:32:01,848  WARN [Worker-5] - ScalaProject - Project ProgrammingInScala runs on platform default installation.
2016-02-16 10:34:36,222  WARN [Worker-4] - ScalaProject - Project ProgrammingInScala has platform default sourceLevel.
2016-02-16 10:34:36,223  WARN [Worker-4] - ScalaProject - Project ProgrammingInScala runs on platform default installation.
2016-02-16 10:34:38,250  WARN [Worker-2] - ScalaProject - Project ProgrammingInScala has platform default sourceLevel.
2016-02-16 10:34:38,250  WARN [Worker-2] - ScalaProject - Project ProgrammingInScala runs on platform default installation.
2016-02-16 10:35:16,125  WARN [Worker-0] - ScalaProject - Project ProgrammingInScala has platform default sourceLevel.
2016-02-16 10:35:16,126  WARN [Worker-0] - ScalaProject - Project ProgrammingInScala runs on platform default installation.
2016-02-16 10:35:17,221  WARN [Worker-2] - ScalaProject - Project ProgrammingInScala has platform default sourceLevel.
2016-02-16 10:35:17,222  WARN [Worker-2] - ScalaProject - Project ProgrammingInScala runs on platform default installation.
2016-02-16 10:35:24,364  WARN [Worker-2] - ScalaProject - Project ProgrammingInScala has platform default sourceLevel.
2016-02-16 10:35:24,364  WARN [Worker-2] - ScalaProject - Project ProgrammingInScala runs on platform default installation.
2016-02-16 10:35:25,392  WARN [Worker-1] - ScalaProject - Project ProgrammingInScala has platform default sourceLevel.
2016-02-16 10:35:25,392  WARN [Worker-1] - ScalaProject - Project ProgrammingInScala runs on platform default installation.
